<?xml version="1.0" encoding="UTF-8"?>
<testng-results ignored="0" total="9" passed="9" failed="0" skipped="0">
  <reporter-output>
    <line>
      <![CDATA[Pop up handled]]>
    </line>
    <line>
      <![CDATA[Browser Launched]]>
    </line>
    <line>
      <![CDATA[User clicked the Homestays and villas link]]>
    </line>
    <line>
      <![CDATA[User is navigated to Homestays and villas page]]>
    </line>
    <line>
      <![CDATA[User is able to select the city lable option]]>
    </line>
    <line>
      <![CDATA[User selected the city name]]>
    </line>
    <line>
      <![CDATA[User selected the check in date]]>
    </line>
    <line>
      <![CDATA[User selected the check out date]]>
    </line>
    <line>
      <![CDATA[User is Selected the Guests Count]]>
    </line>
    <line>
      <![CDATA[user clicks the apply button]]>
    </line>
    <line>
      <![CDATA[user is clicks the search button]]>
    </line>
    <line>
      <![CDATA[user navigates to the banglore properties page]]>
    </line>
    <line>
      <![CDATA[User is able to click on the INR button]]>
    </line>
    <line>
      <![CDATA[User is able to choose Indian Rupee option]]>
    </line>
    <line>
      <![CDATA[Pop up handled]]>
    </line>
    <line>
      <![CDATA[Browser Launched]]>
    </line>
    <line>
      <![CDATA[User clicked the Homestays and villas link]]>
    </line>
    <line>
      <![CDATA[User is navigated to Homestays and villas page]]>
    </line>
    <line>
      <![CDATA[User is able to select the city lable option]]>
    </line>
    <line>
      <![CDATA[User selected the city name]]>
    </line>
    <line>
      <![CDATA[User selected the check in date]]>
    </line>
    <line>
      <![CDATA[User selected the check out date]]>
    </line>
    <line>
      <![CDATA[User is Selected the Guests Count]]>
    </line>
    <line>
      <![CDATA[user clicks the apply button]]>
    </line>
    <line>
      <![CDATA[user is clicks the search button]]>
    </line>
    <line>
      <![CDATA[user navigates to the banglore properties page]]>
    </line>
    <line>
      <![CDATA[User clicked the check out option]]>
    </line>
    <line>
      <![CDATA[User upadated the check out date]]>
    </line>
    <line>
      <![CDATA[Pop up handled]]>
    </line>
    <line>
      <![CDATA[Browser Launched]]>
    </line>
    <line>
      <![CDATA[User clicked the Homestays and villas link]]>
    </line>
    <line>
      <![CDATA[User is navigated to Homestays and villas page]]>
    </line>
    <line>
      <![CDATA[User is able to select the city lable option]]>
    </line>
    <line>
      <![CDATA[User selected the city name]]>
    </line>
    <line>
      <![CDATA[User selected the check in date]]>
    </line>
    <line>
      <![CDATA[User selected the check out date]]>
    </line>
    <line>
      <![CDATA[User is Selected the Guests Count]]>
    </line>
    <line>
      <![CDATA[user clicks the apply button]]>
    </line>
    <line>
      <![CDATA[user is clicks the search button]]>
    </line>
    <line>
      <![CDATA[user navigates to the banglore properties page]]>
    </line>
    <line>
      <![CDATA[Popular option selected]]>
    </line>
    <line>
      <![CDATA[Pop up handled]]>
    </line>
    <line>
      <![CDATA[Browser Launched]]>
    </line>
    <line>
      <![CDATA[User clicked the Homestays and villas link]]>
    </line>
    <line>
      <![CDATA[User is navigated to Homestays and villas page]]>
    </line>
    <line>
      <![CDATA[User is able to select the city lable option]]>
    </line>
    <line>
      <![CDATA[User selected the city name]]>
    </line>
    <line>
      <![CDATA[User selected the check in date]]>
    </line>
    <line>
      <![CDATA[User selected the check out date]]>
    </line>
    <line>
      <![CDATA[User is Selected the Guests Count]]>
    </line>
    <line>
      <![CDATA[user clicks the apply button]]>
    </line>
    <line>
      <![CDATA[user is clicks the search button]]>
    </line>
    <line>
      <![CDATA[user navigates to the banglore properties page]]>
    </line>
    <line>
      <![CDATA[Rating option selected]]>
    </line>
    <line>
      <![CDATA[Pop up handled]]>
    </line>
    <line>
      <![CDATA[Browser Launched]]>
    </line>
    <line>
      <![CDATA[User clicked the Homestays and villas link]]>
    </line>
    <line>
      <![CDATA[User is navigated to Homestays and villas page]]>
    </line>
    <line>
      <![CDATA[User is able to select the city lable option]]>
    </line>
    <line>
      <![CDATA[User selected the city name]]>
    </line>
    <line>
      <![CDATA[User selected the check in date]]>
    </line>
    <line>
      <![CDATA[User selected the check out date]]>
    </line>
    <line>
      <![CDATA[User is Selected the Guests Count]]>
    </line>
    <line>
      <![CDATA[user clicks the apply button]]>
    </line>
    <line>
      <![CDATA[user is clicks the search button]]>
    </line>
    <line>
      <![CDATA[user navigates to the banglore properties page]]>
    </line>
    <line>
      <![CDATA[Price (Highest First) option selected]]>
    </line>
    <line>
      <![CDATA[Pop up handled]]>
    </line>
    <line>
      <![CDATA[Browser Launched]]>
    </line>
    <line>
      <![CDATA[User clicked the Homestays and villas link]]>
    </line>
    <line>
      <![CDATA[User is navigated to Homestays and villas page]]>
    </line>
    <line>
      <![CDATA[User is able to select the city lable option]]>
    </line>
    <line>
      <![CDATA[User selected the city name]]>
    </line>
    <line>
      <![CDATA[User selected the check in date]]>
    </line>
    <line>
      <![CDATA[User selected the check out date]]>
    </line>
    <line>
      <![CDATA[User is Selected the Guests Count]]>
    </line>
    <line>
      <![CDATA[user clicks the apply button]]>
    </line>
    <line>
      <![CDATA[user is clicks the search button]]>
    </line>
    <line>
      <![CDATA[user navigates to the banglore properties page]]>
    </line>
    <line>
      <![CDATA[Price (Lowest First) option selected]]>
    </line>
    <line>
      <![CDATA[Pop up handled]]>
    </line>
    <line>
      <![CDATA[Browser Launched]]>
    </line>
    <line>
      <![CDATA[User clicked the Homestays and villas link]]>
    </line>
    <line>
      <![CDATA[User is navigated to Homestays and villas page]]>
    </line>
    <line>
      <![CDATA[User is able to select the city lable option]]>
    </line>
    <line>
      <![CDATA[User selected the city name]]>
    </line>
    <line>
      <![CDATA[User selected the check in date]]>
    </line>
    <line>
      <![CDATA[User selected the check out date]]>
    </line>
    <line>
      <![CDATA[User is Selected the Guests Count]]>
    </line>
    <line>
      <![CDATA[user clicks the apply button]]>
    </line>
    <line>
      <![CDATA[user is clicks the search button]]>
    </line>
    <line>
      <![CDATA[user navigates to the banglore properties page]]>
    </line>
    <line>
      <![CDATA[User clicked on the Explore Maps option]]>
    </line>
    <line>
      <![CDATA[Map view is displayed]]>
    </line>
    <line>
      <![CDATA[User seen the location]]>
    </line>
    <line>
      <![CDATA[Closed the map]]>
    </line>
    <line>
      <![CDATA[Pop up handled]]>
    </line>
    <line>
      <![CDATA[Browser Launched]]>
    </line>
    <line>
      <![CDATA[User clicked the Homestays and villas link]]>
    </line>
    <line>
      <![CDATA[User is navigated to Homestays and villas page]]>
    </line>
    <line>
      <![CDATA[User is able to select the city lable option]]>
    </line>
    <line>
      <![CDATA[User selected the city name]]>
    </line>
    <line>
      <![CDATA[User selected the check in date]]>
    </line>
    <line>
      <![CDATA[User selected the check out date]]>
    </line>
    <line>
      <![CDATA[User is Selected the Guests Count]]>
    </line>
    <line>
      <![CDATA[user clicks the apply button]]>
    </line>
    <line>
      <![CDATA[user is clicks the search button]]>
    </line>
    <line>
      <![CDATA[user navigates to the banglore properties page]]>
    </line>
    <line>
      <![CDATA[User is selected the filters]]>
    </line>
    <line>
      <![CDATA[User navigated to the Searching Property]]>
    </line>
    <line>
      <![CDATA[Pop up handled]]>
    </line>
    <line>
      <![CDATA[Browser Launched]]>
    </line>
    <line>
      <![CDATA[User clicked the Homestays and villas link]]>
    </line>
    <line>
      <![CDATA[User is navigated to Homestays and villas page]]>
    </line>
    <line>
      <![CDATA[User is able to select the city lable option]]>
    </line>
    <line>
      <![CDATA[User selected the city name]]>
    </line>
    <line>
      <![CDATA[User selected the check in date]]>
    </line>
    <line>
      <![CDATA[User selected the check out date]]>
    </line>
    <line>
      <![CDATA[User is Selected the Guests Count]]>
    </line>
    <line>
      <![CDATA[user clicks the apply button]]>
    </line>
    <line>
      <![CDATA[user is clicks the search button]]>
    </line>
    <line>
      <![CDATA[user navigates to the banglore properties page]]>
    </line>
    <line>
      <![CDATA[Price option selected]]>
    </line>
    <line>
      <![CDATA[User clicked the property]]>
    </line>
    <line>
      <![CDATA[User is navigated to the next page]]>
    </line>
  </reporter-output>
  <suite started-at="2024-11-17T21:11:36 IST" name="Default suite" finished-at="2024-11-17T21:16:37 IST" duration-ms="301840">
    <groups>
      <group name="cucumber">
        <method signature="AbstractTestNGCucumberTests.runScenario(io.cucumber.testng.PickleWrapper,io.cucumber.testng.FeatureWrapper)[pri:0, instance:com.runners.CucumberRunner@1d8bd0de]" name="runScenario" class="io.cucumber.testng.AbstractTestNGCucumberTests"/>
      </group> <!-- cucumber -->
    </groups>
    <test started-at="2024-11-17T21:11:36 IST" name="Default test" finished-at="2024-11-17T21:16:37 IST" duration-ms="301840">
      <class name="com.runners.CucumberRunner">
        <test-method is-config="true" signature="setUpClass(org.testng.ITestContext)[pri:0, instance:com.runners.CucumberRunner@1d8bd0de]" started-at="2024-11-17T21:11:36 IST" name="setUpClass" finished-at="2024-11-17T21:11:36 IST" duration-ms="597" status="PASS">
          <params>
            <param index="0">
              <value>
                <![CDATA[org.testng.TestRunner@cea67b1]]>
              </value>
            </param>
          </params>
          <reporter-output>
          </reporter-output>
        </test-method> <!-- setUpClass -->
        <test-method signature="runScenario(io.cucumber.testng.PickleWrapper,io.cucumber.testng.FeatureWrapper)[pri:0, instance:com.runners.CucumberRunner@1d8bd0de]" started-at="2024-11-17T21:11:36 IST" name="runScenario" description="Runs Cucumber Scenarios" data-provider="scenarios" finished-at="2024-11-17T21:12:13 IST" duration-ms="37006" status="PASS">
          <params>
            <param index="0">
              <value>
                <![CDATA["Validate user is able to Currency Option"]]>
              </value>
            </param>
            <param index="1">
              <value>
                <![CDATA["Make My Trip"]]>
              </value>
            </param>
          </params>
          <reporter-output>
            <line>
              <![CDATA[Pop up handled]]>
            </line>
            <line>
              <![CDATA[Browser Launched]]>
            </line>
            <line>
              <![CDATA[User clicked the Homestays and villas link]]>
            </line>
            <line>
              <![CDATA[User is navigated to Homestays and villas page]]>
            </line>
            <line>
              <![CDATA[User is able to select the city lable option]]>
            </line>
            <line>
              <![CDATA[User selected the city name]]>
            </line>
            <line>
              <![CDATA[User selected the check in date]]>
            </line>
            <line>
              <![CDATA[User selected the check out date]]>
            </line>
            <line>
              <![CDATA[User is Selected the Guests Count]]>
            </line>
            <line>
              <![CDATA[user clicks the apply button]]>
            </line>
            <line>
              <![CDATA[user is clicks the search button]]>
            </line>
            <line>
              <![CDATA[user navigates to the banglore properties page]]>
            </line>
            <line>
              <![CDATA[User is able to click on the INR button]]>
            </line>
            <line>
              <![CDATA[User is able to choose Indian Rupee option]]>
            </line>
          </reporter-output>
        </test-method> <!-- runScenario -->
        <test-method signature="runScenario(io.cucumber.testng.PickleWrapper,io.cucumber.testng.FeatureWrapper)[pri:0, instance:com.runners.CucumberRunner@1d8bd0de]" started-at="2024-11-17T21:12:13 IST" name="runScenario" description="Runs Cucumber Scenarios" data-provider="scenarios" finished-at="2024-11-17T21:12:43 IST" duration-ms="30180" status="PASS">
          <params>
            <param index="0">
              <value>
                <![CDATA["Validate user is able to change the checkout date"]]>
              </value>
            </param>
            <param index="1">
              <value>
                <![CDATA["Make My Trip"]]>
              </value>
            </param>
          </params>
          <reporter-output>
            <line>
              <![CDATA[Pop up handled]]>
            </line>
            <line>
              <![CDATA[Browser Launched]]>
            </line>
            <line>
              <![CDATA[User clicked the Homestays and villas link]]>
            </line>
            <line>
              <![CDATA[User is navigated to Homestays and villas page]]>
            </line>
            <line>
              <![CDATA[User is able to select the city lable option]]>
            </line>
            <line>
              <![CDATA[User selected the city name]]>
            </line>
            <line>
              <![CDATA[User selected the check in date]]>
            </line>
            <line>
              <![CDATA[User selected the check out date]]>
            </line>
            <line>
              <![CDATA[User is Selected the Guests Count]]>
            </line>
            <line>
              <![CDATA[user clicks the apply button]]>
            </line>
            <line>
              <![CDATA[user is clicks the search button]]>
            </line>
            <line>
              <![CDATA[user navigates to the banglore properties page]]>
            </line>
            <line>
              <![CDATA[User clicked the check out option]]>
            </line>
            <line>
              <![CDATA[User upadated the check out date]]>
            </line>
          </reporter-output>
        </test-method> <!-- runScenario -->
        <test-method signature="runScenario(io.cucumber.testng.PickleWrapper,io.cucumber.testng.FeatureWrapper)[pri:0, instance:com.runners.CucumberRunner@1d8bd0de]" started-at="2024-11-17T21:12:43 IST" name="runScenario" description="Runs Cucumber Scenarios" data-provider="scenarios" finished-at="2024-11-17T21:13:15 IST" duration-ms="31669" status="PASS">
          <params>
            <param index="0">
              <value>
                <![CDATA["Validate user able to click on the sort by option"]]>
              </value>
            </param>
            <param index="1">
              <value>
                <![CDATA["Make My Trip"]]>
              </value>
            </param>
          </params>
          <reporter-output>
            <line>
              <![CDATA[Pop up handled]]>
            </line>
            <line>
              <![CDATA[Browser Launched]]>
            </line>
            <line>
              <![CDATA[User clicked the Homestays and villas link]]>
            </line>
            <line>
              <![CDATA[User is navigated to Homestays and villas page]]>
            </line>
            <line>
              <![CDATA[User is able to select the city lable option]]>
            </line>
            <line>
              <![CDATA[User selected the city name]]>
            </line>
            <line>
              <![CDATA[User selected the check in date]]>
            </line>
            <line>
              <![CDATA[User selected the check out date]]>
            </line>
            <line>
              <![CDATA[User is Selected the Guests Count]]>
            </line>
            <line>
              <![CDATA[user clicks the apply button]]>
            </line>
            <line>
              <![CDATA[user is clicks the search button]]>
            </line>
            <line>
              <![CDATA[user navigates to the banglore properties page]]>
            </line>
            <line>
              <![CDATA[Popular option selected]]>
            </line>
          </reporter-output>
        </test-method> <!-- runScenario -->
        <test-method signature="runScenario(io.cucumber.testng.PickleWrapper,io.cucumber.testng.FeatureWrapper)[pri:0, instance:com.runners.CucumberRunner@1d8bd0de]" started-at="2024-11-17T21:13:15 IST" name="runScenario" description="Runs Cucumber Scenarios" data-provider="scenarios" finished-at="2024-11-17T21:13:46 IST" duration-ms="31104" status="PASS">
          <params>
            <param index="0">
              <value>
                <![CDATA["Validate user able to click on the sort by option"]]>
              </value>
            </param>
            <param index="1">
              <value>
                <![CDATA["Make My Trip"]]>
              </value>
            </param>
          </params>
          <reporter-output>
            <line>
              <![CDATA[Pop up handled]]>
            </line>
            <line>
              <![CDATA[Browser Launched]]>
            </line>
            <line>
              <![CDATA[User clicked the Homestays and villas link]]>
            </line>
            <line>
              <![CDATA[User is navigated to Homestays and villas page]]>
            </line>
            <line>
              <![CDATA[User is able to select the city lable option]]>
            </line>
            <line>
              <![CDATA[User selected the city name]]>
            </line>
            <line>
              <![CDATA[User selected the check in date]]>
            </line>
            <line>
              <![CDATA[User selected the check out date]]>
            </line>
            <line>
              <![CDATA[User is Selected the Guests Count]]>
            </line>
            <line>
              <![CDATA[user clicks the apply button]]>
            </line>
            <line>
              <![CDATA[user is clicks the search button]]>
            </line>
            <line>
              <![CDATA[user navigates to the banglore properties page]]>
            </line>
            <line>
              <![CDATA[Rating option selected]]>
            </line>
          </reporter-output>
        </test-method> <!-- runScenario -->
        <test-method signature="runScenario(io.cucumber.testng.PickleWrapper,io.cucumber.testng.FeatureWrapper)[pri:0, instance:com.runners.CucumberRunner@1d8bd0de]" started-at="2024-11-17T21:13:46 IST" name="runScenario" description="Runs Cucumber Scenarios" data-provider="scenarios" finished-at="2024-11-17T21:14:16 IST" duration-ms="29502" status="PASS">
          <params>
            <param index="0">
              <value>
                <![CDATA["Validate user able to click on the sort by option"]]>
              </value>
            </param>
            <param index="1">
              <value>
                <![CDATA["Make My Trip"]]>
              </value>
            </param>
          </params>
          <reporter-output>
            <line>
              <![CDATA[Pop up handled]]>
            </line>
            <line>
              <![CDATA[Browser Launched]]>
            </line>
            <line>
              <![CDATA[User clicked the Homestays and villas link]]>
            </line>
            <line>
              <![CDATA[User is navigated to Homestays and villas page]]>
            </line>
            <line>
              <![CDATA[User is able to select the city lable option]]>
            </line>
            <line>
              <![CDATA[User selected the city name]]>
            </line>
            <line>
              <![CDATA[User selected the check in date]]>
            </line>
            <line>
              <![CDATA[User selected the check out date]]>
            </line>
            <line>
              <![CDATA[User is Selected the Guests Count]]>
            </line>
            <line>
              <![CDATA[user clicks the apply button]]>
            </line>
            <line>
              <![CDATA[user is clicks the search button]]>
            </line>
            <line>
              <![CDATA[user navigates to the banglore properties page]]>
            </line>
            <line>
              <![CDATA[Price (Highest First) option selected]]>
            </line>
          </reporter-output>
        </test-method> <!-- runScenario -->
        <test-method signature="runScenario(io.cucumber.testng.PickleWrapper,io.cucumber.testng.FeatureWrapper)[pri:0, instance:com.runners.CucumberRunner@1d8bd0de]" started-at="2024-11-17T21:14:16 IST" name="runScenario" description="Runs Cucumber Scenarios" data-provider="scenarios" finished-at="2024-11-17T21:14:45 IST" duration-ms="29445" status="PASS">
          <params>
            <param index="0">
              <value>
                <![CDATA["Validate user able to click on the sort by option"]]>
              </value>
            </param>
            <param index="1">
              <value>
                <![CDATA["Make My Trip"]]>
              </value>
            </param>
          </params>
          <reporter-output>
            <line>
              <![CDATA[Pop up handled]]>
            </line>
            <line>
              <![CDATA[Browser Launched]]>
            </line>
            <line>
              <![CDATA[User clicked the Homestays and villas link]]>
            </line>
            <line>
              <![CDATA[User is navigated to Homestays and villas page]]>
            </line>
            <line>
              <![CDATA[User is able to select the city lable option]]>
            </line>
            <line>
              <![CDATA[User selected the city name]]>
            </line>
            <line>
              <![CDATA[User selected the check in date]]>
            </line>
            <line>
              <![CDATA[User selected the check out date]]>
            </line>
            <line>
              <![CDATA[User is Selected the Guests Count]]>
            </line>
            <line>
              <![CDATA[user clicks the apply button]]>
            </line>
            <line>
              <![CDATA[user is clicks the search button]]>
            </line>
            <line>
              <![CDATA[user navigates to the banglore properties page]]>
            </line>
            <line>
              <![CDATA[Price (Lowest First) option selected]]>
            </line>
          </reporter-output>
        </test-method> <!-- runScenario -->
        <test-method signature="runScenario(io.cucumber.testng.PickleWrapper,io.cucumber.testng.FeatureWrapper)[pri:0, instance:com.runners.CucumberRunner@1d8bd0de]" started-at="2024-11-17T21:14:45 IST" name="runScenario" description="Runs Cucumber Scenarios" data-provider="scenarios" finished-at="2024-11-17T21:15:21 IST" duration-ms="35735" status="PASS">
          <params>
            <param index="0">
              <value>
                <![CDATA["Validate user is able to explore the maps"]]>
              </value>
            </param>
            <param index="1">
              <value>
                <![CDATA["Make My Trip"]]>
              </value>
            </param>
          </params>
          <reporter-output>
            <line>
              <![CDATA[Pop up handled]]>
            </line>
            <line>
              <![CDATA[Browser Launched]]>
            </line>
            <line>
              <![CDATA[User clicked the Homestays and villas link]]>
            </line>
            <line>
              <![CDATA[User is navigated to Homestays and villas page]]>
            </line>
            <line>
              <![CDATA[User is able to select the city lable option]]>
            </line>
            <line>
              <![CDATA[User selected the city name]]>
            </line>
            <line>
              <![CDATA[User selected the check in date]]>
            </line>
            <line>
              <![CDATA[User selected the check out date]]>
            </line>
            <line>
              <![CDATA[User is Selected the Guests Count]]>
            </line>
            <line>
              <![CDATA[user clicks the apply button]]>
            </line>
            <line>
              <![CDATA[user is clicks the search button]]>
            </line>
            <line>
              <![CDATA[user navigates to the banglore properties page]]>
            </line>
            <line>
              <![CDATA[User clicked on the Explore Maps option]]>
            </line>
            <line>
              <![CDATA[Map view is displayed]]>
            </line>
            <line>
              <![CDATA[User seen the location]]>
            </line>
            <line>
              <![CDATA[Closed the map]]>
            </line>
          </reporter-output>
        </test-method> <!-- runScenario -->
        <test-method signature="runScenario(io.cucumber.testng.PickleWrapper,io.cucumber.testng.FeatureWrapper)[pri:0, instance:com.runners.CucumberRunner@1d8bd0de]" started-at="2024-11-17T21:15:21 IST" name="runScenario" description="Runs Cucumber Scenarios" data-provider="scenarios" finished-at="2024-11-17T21:16:01 IST" duration-ms="39587" status="PASS">
          <params>
            <param index="0">
              <value>
                <![CDATA["validate user is able to select the filters for the Property"]]>
              </value>
            </param>
            <param index="1">
              <value>
                <![CDATA["Make My Trip"]]>
              </value>
            </param>
          </params>
          <reporter-output>
            <line>
              <![CDATA[Pop up handled]]>
            </line>
            <line>
              <![CDATA[Browser Launched]]>
            </line>
            <line>
              <![CDATA[User clicked the Homestays and villas link]]>
            </line>
            <line>
              <![CDATA[User is navigated to Homestays and villas page]]>
            </line>
            <line>
              <![CDATA[User is able to select the city lable option]]>
            </line>
            <line>
              <![CDATA[User selected the city name]]>
            </line>
            <line>
              <![CDATA[User selected the check in date]]>
            </line>
            <line>
              <![CDATA[User selected the check out date]]>
            </line>
            <line>
              <![CDATA[User is Selected the Guests Count]]>
            </line>
            <line>
              <![CDATA[user clicks the apply button]]>
            </line>
            <line>
              <![CDATA[user is clicks the search button]]>
            </line>
            <line>
              <![CDATA[user navigates to the banglore properties page]]>
            </line>
            <line>
              <![CDATA[User is selected the filters]]>
            </line>
            <line>
              <![CDATA[User navigated to the Searching Property]]>
            </line>
          </reporter-output>
        </test-method> <!-- runScenario -->
        <test-method signature="runScenario(io.cucumber.testng.PickleWrapper,io.cucumber.testng.FeatureWrapper)[pri:0, instance:com.runners.CucumberRunner@1d8bd0de]" started-at="2024-11-17T21:16:01 IST" name="runScenario" description="Runs Cucumber Scenarios" data-provider="scenarios" finished-at="2024-11-17T21:16:36 IST" duration-ms="35868" status="PASS">
          <params>
            <param index="0">
              <value>
                <![CDATA["Validate user is able to click on the Property"]]>
              </value>
            </param>
            <param index="1">
              <value>
                <![CDATA["Make My Trip"]]>
              </value>
            </param>
          </params>
          <reporter-output>
            <line>
              <![CDATA[Pop up handled]]>
            </line>
            <line>
              <![CDATA[Browser Launched]]>
            </line>
            <line>
              <![CDATA[User clicked the Homestays and villas link]]>
            </line>
            <line>
              <![CDATA[User is navigated to Homestays and villas page]]>
            </line>
            <line>
              <![CDATA[User is able to select the city lable option]]>
            </line>
            <line>
              <![CDATA[User selected the city name]]>
            </line>
            <line>
              <![CDATA[User selected the check in date]]>
            </line>
            <line>
              <![CDATA[User selected the check out date]]>
            </line>
            <line>
              <![CDATA[User is Selected the Guests Count]]>
            </line>
            <line>
              <![CDATA[user clicks the apply button]]>
            </line>
            <line>
              <![CDATA[user is clicks the search button]]>
            </line>
            <line>
              <![CDATA[user navigates to the banglore properties page]]>
            </line>
            <line>
              <![CDATA[Price option selected]]>
            </line>
            <line>
              <![CDATA[User clicked the property]]>
            </line>
            <line>
              <![CDATA[User is navigated to the next page]]>
            </line>
          </reporter-output>
        </test-method> <!-- runScenario -->
        <test-method is-config="true" signature="tearDownClass()[pri:0, instance:com.runners.CucumberRunner@1d8bd0de]" started-at="2024-11-17T21:16:36 IST" name="tearDownClass" finished-at="2024-11-17T21:16:37 IST" duration-ms="1015" status="PASS">
          <reporter-output>
          </reporter-output>
        </test-method> <!-- tearDownClass -->
      </class> <!-- com.runners.CucumberRunner -->
    </test> <!-- Default test -->
  </suite> <!-- Default suite -->
</testng-results>
